#
# A fatal error has been detected by the Java Runtime Environment:
#
#  EXCEPTION_ACCESS_VIOLATION (0xc0000005) at pc=0x0000000050a87a25, pid=5544, tid=0x0000000000001228
#
# JRE version: Java(TM) SE Runtime Environment (8.0_121-b13) (build 1.8.0_121-b13)
# Java VM: Java HotSpot(TM) 64-Bit Server VM (25.121-b13 mixed mode windows-amd64 compressed oops)
# Problematic frame:
# V  [jvm.dll+0x107a25]
#
# Failed to write core dump. Minidumps are not enabled by default on client versions of Windows
#
# If you would like to submit a bug report, please visit:
#   http://bugreport.java.com/bugreport/crash.jsp
#

---------------  T H R E A D  ---------------

Current thread (0x0000000018ac1000):  VMThread [stack: 0x0000000019a20000,0x0000000019b20000] [id=4648]

siginfo: ExceptionCode=0xc0000005, reading address 0xffffffffffffffff

Registers:
RAX=0x8000000000000000, RBX=0x0000000000000002, RCX=0x0000000000000000, RDX=0x0000000051153b70
RSP=0x0000000019b1eef0, RBP=0x0000000051153b70, RSI=0x000000013f3a4978, RDI=0x0000000000000010
R8 =0x000000000000003e, R9 =0x000000001f9206d0, R10=0x00000000000001fe, R11=0x0000000019b1eee8
R12=0x0000000000000001, R13=0x0000000000000000, R14=0x0000000050f84e90, R15=0x0000000051153aa0
RIP=0x0000000050a87a25, EFLAGS=0x0000000000010297

Top of Stack: (sp=0x0000000019b1eef0)
0x0000000019b1eef0:   0000000000000005 0000000000000028
0x0000000019b1ef00:   0000000000000028 000000013f3bf248
0x0000000019b1ef10:   000000013f3a4978 0000000050a8d120
0x0000000019b1ef20:   000000013f3a4978 0000000051153b70
0x0000000019b1ef30:   0000000019b1efc0 0000000003562ca0
0x0000000019b1ef40:   0000000051153b70 0000000050aa6abc
0x0000000019b1ef50:   0000000000000000 0000000000000008
0x0000000019b1ef60:   0000000000000000 00000000509e6ffd
0x0000000019b1ef70:   0000000050f84e90 00000000000001fe
0x0000000019b1ef80:   ffffffffffffff00 0000000000000004
0x0000000019b1ef90:   00000000000000b0 0000000000000000
0x0000000019b1efa0:   0000000000000000 000000001f9206d0
0x0000000019b1efb0:   0000000000000000 00000000020f7b40
0x0000000019b1efc0:   0000000051153b10 0000000000000000
0x0000000019b1efd0:   0000000019b1f0e0 0000000050d7e42f
0x0000000019b1efe0:   0000000002143b00 0000000000000008 

Instructions: (pc=0x0000000050a87a25)
0x0000000050a87a05:   00 33 db 48 8b ea 48 8b f1 39 18 7e 3a 48 89 7c
0x0000000050a87a15:   24 30 8b fb 0f 1f 80 00 00 00 00 48 8b 44 07 08
0x0000000050a87a25:   48 8b 48 10 48 85 c9 74 08 48 8b d5 e8 8a 9e 02
0x0000000050a87a35:   00 48 8b 86 80 01 00 00 ff c3 48 83 c7 08 3b 18 


Register to memory mapping:

RAX=0x8000000000000000 is an unknown value
RBX=0x0000000000000002 is an unknown value
RCX=0x0000000000000000 is an unknown value
RDX=0x0000000051153b70 is an unknown value
RSP=0x0000000019b1eef0 is an unknown value
RBP=0x0000000051153b70 is an unknown value
RSI=0x000000013f3a4978 is pointing into metadata
RDI=0x0000000000000010 is an unknown value
R8 =0x000000000000003e is an unknown value
R9 =0x000000001f9206d0 is an unknown value
R10=0x00000000000001fe is an unknown value
R11=0x0000000019b1eee8 is an unknown value
R12=0x0000000000000001 is an unknown value
R13=0x0000000000000000 is an unknown value
R14=0x0000000050f84e90 is an unknown value
R15=0x0000000051153aa0 is an unknown value


Stack: [0x0000000019a20000,0x0000000019b20000],  sp=0x0000000019b1eef0,  free space=1019k
Native frames: (J=compiled Java code, j=interpreted, Vv=VM code, C=native code)
V  [jvm.dll+0x107a25]
V  [jvm.dll+0x10d120]
V  [jvm.dll+0x126abc]
V  [jvm.dll+0x3fe42f]
V  [jvm.dll+0x3ff77a]
V  [jvm.dll+0x3ffd9b]
V  [jvm.dll+0x405af5]
V  [jvm.dll+0x24bd17]
V  [jvm.dll+0x24afb6]
V  [jvm.dll+0x24b451]
V  [jvm.dll+0x24b66e]
V  [jvm.dll+0x29c69a]
C  [msvcr100.dll+0x21d9f]
C  [msvcr100.dll+0x21e3b]
C  [kernel32.dll+0x159cd]
C  [ntdll.dll+0x2a561]

VM_Operation (0x000000000263e430): ParallelGCSystemGC, mode: safepoint, requested by thread 0x00000000020f8000


---------------  P R O C E S S  ---------------

Java Threads: ( => current thread )
  0x000000001b841800 JavaThread "resolver-4" daemon [_thread_blocked, id=10260, stack(0x000000001db70000,0x000000001dc70000)]
  0x000000001ce43000 JavaThread "resolver-3" daemon [_thread_blocked, id=5800, stack(0x000000001dc90000,0x000000001dd90000)]
  0x000000001cdb8000 JavaThread "resolver-2" daemon [_thread_blocked, id=9736, stack(0x000000001da70000,0x000000001db70000)]
  0x000000001cea4000 JavaThread "resolver-1" daemon [_thread_blocked, id=9860, stack(0x000000001d850000,0x000000001d950000)]
  0x0000000018bb7800 JavaThread "Service Thread" daemon [_thread_blocked, id=7376, stack(0x000000001a7e0000,0x000000001a8e0000)]
  0x0000000018b4f800 JavaThread "C1 CompilerThread3" daemon [_thread_blocked, id=10368, stack(0x000000001a620000,0x000000001a720000)]
  0x0000000018b2a800 JavaThread "C2 CompilerThread2" daemon [_thread_in_native, id=9540, stack(0x000000001a480000,0x000000001a580000)]
  0x0000000018b26000 JavaThread "C2 CompilerThread1" daemon [_thread_in_native, id=5304, stack(0x0000000019d70000,0x0000000019e70000)]
  0x0000000018b20000 JavaThread "C2 CompilerThread0" daemon [_thread_blocked, id=9292, stack(0x000000001a330000,0x000000001a430000)]
  0x0000000018b1d000 JavaThread "Attach Listener" daemon [_thread_blocked, id=8772, stack(0x000000001a210000,0x000000001a310000)]
  0x0000000018b18000 JavaThread "Signal Dispatcher" daemon [_thread_blocked, id=8204, stack(0x000000001a0c0000,0x000000001a1c0000)]
  0x0000000017b70800 JavaThread "Finalizer" daemon [_thread_blocked, id=9400, stack(0x0000000019eb0000,0x0000000019fb0000)]
  0x0000000017b67800 JavaThread "Reference Handler" daemon [_thread_blocked, id=8956, stack(0x0000000019c00000,0x0000000019d00000)]
  0x00000000020f8000 JavaThread "main" [_thread_blocked, id=3312, stack(0x0000000002540000,0x0000000002640000)]

Other Threads:
=>0x0000000018ac1000 VMThread [stack: 0x0000000019a20000,0x0000000019b20000] [id=4648]
  0x0000000018b8b800 WatcherThread [stack: 0x000000001a960000,0x000000001aa60000] [id=4360]

VM state:at safepoint (normal execution)

VM Mutex/Monitor currently owned by a thread:  ([mutex/lock_event])
[0x000000000222dd80] Threads_lock - owner thread: 0x0000000018ac1000
[0x000000000222e280] Heap_lock - owner thread: 0x00000000020f8000

Heap:
 PSYoungGen      total 141312K, used 8735K [0x00000000d5f00000, 0x00000000df500000, 0x0000000100000000)
  eden space 132096K, 0% used [0x00000000d5f00000,0x00000000d5f00000,0x00000000de000000)
  from space 9216K, 94% used [0x00000000dea00000,0x00000000df287f40,0x00000000df300000)
  to   space 10240K, 0% used [0x00000000de000000,0x00000000de000000,0x00000000dea00000)
 ParOldGen       total 87552K, used 8833K [0x0000000081c00000, 0x0000000087180000, 0x00000000d5f00000)
  object space 87552K, 10% used [0x0000000081c00000,0x00000000824a05c8,0x0000000087180000)
 Metaspace       used 18766K, capacity 19336K, committed 19584K, reserved 1067008K
  class space    used 2185K, capacity 2404K, committed 2432K, reserved 1048576K

Card table byte_map: [0x0000000011cd0000,0x00000000120d0000] byte_map_base: 0x00000000118c2000

Marking Bits: (ParMarkBitMap*) 0x000000005119b6d0
 Begin Bits: [0x0000000012e60000, 0x0000000014df0000)
 End Bits:   [0x0000000014df0000, 0x0000000016d80000)

Polling page: 0x0000000000260000

CodeCache: size=245760Kb used=12597Kb max_used=12597Kb free=233162Kb
 bounds [0x0000000002910000, 0x0000000003570000, 0x0000000011910000]
 total_blobs=3855 nmethods=3474 adapters=293
 compilation: enabled

Compilation events (10 events):
Event: 4.209 Thread 0x0000000018b4f800 nmethod 3493 0x000000000355b4d0 code [0x000000000355b620, 0x000000000355b730]
Event: 4.209 Thread 0x0000000018b4f800 3494       1       java.util.zip.ZipEntry::getComment (5 bytes)
Event: 4.209 Thread 0x0000000018b4f800 nmethod 3494 0x000000000355e3d0 code [0x000000000355e520, 0x000000000355e630]
Event: 4.209 Thread 0x0000000018b4f800 3495       1       org.codehaus.plexus.archiver.zip.ZipEntry::getInternalAttributes (5 bytes)
Event: 4.209 Thread 0x0000000018b4f800 nmethod 3495 0x000000000355e690 code [0x000000000355e7e0, 0x000000000355e8f0]
Event: 4.210 Thread 0x0000000018b20000 nmethod 3484 0x0000000003561cd0 code [0x0000000003561e40, 0x0000000003562598]
Event: 4.210 Thread 0x0000000018b20000 3492       4       org.codehaus.plexus.archiver.zip.ZipShort::getBytes (32 bytes)
Event: 4.211 Thread 0x0000000018b4f800 3496       3       org.netbeans.shaded.json.simple.JSONValue::toJSONString (191 bytes)
Event: 4.211 Thread 0x0000000018b20000 nmethod 3492 0x000000000355ed10 code [0x000000000355ee60, 0x000000000355ef58]
Event: 4.212 Thread 0x0000000018b4f800 nmethod 3496 0x0000000003562890 code [0x0000000003562ca0, 0x0000000003565c78]

GC Heap History (10 events):
Event: 1.079 GC heap after
Heap after GC invocations=2 (full 0):
 PSYoungGen      total 38400K, used 5106K [0x00000000d5f00000, 0x00000000daa00000, 0x0000000100000000)
  eden space 33280K, 0% used [0x00000000d5f00000,0x00000000d5f00000,0x00000000d7f80000)
  from space 5120K, 99% used [0x00000000d8480000,0x00000000d897cb58,0x00000000d8980000)
  to   space 5120K, 0% used [0x00000000d7f80000,0x00000000d7f80000,0x00000000d8480000)
 ParOldGen       total 87552K, used 2213K [0x0000000081c00000, 0x0000000087180000, 0x00000000d5f00000)
  object space 87552K, 2% used [0x0000000081c00000,0x0000000081e295e0,0x0000000087180000)
 Metaspace       used 12232K, capacity 12544K, committed 12672K, reserved 1060864K
  class space    used 1504K, capacity 1580K, committed 1664K, reserved 1048576K
}
Event: 1.406 GC heap before
{Heap before GC invocations=3 (full 0):
 PSYoungGen      total 38400K, used 38386K [0x00000000d5f00000, 0x00000000daa00000, 0x0000000100000000)
  eden space 33280K, 100% used [0x00000000d5f00000,0x00000000d7f80000,0x00000000d7f80000)
  from space 5120K, 99% used [0x00000000d8480000,0x00000000d897cb58,0x00000000d8980000)
  to   space 5120K, 0% used [0x00000000d7f80000,0x00000000d7f80000,0x00000000d8480000)
 ParOldGen       total 87552K, used 2213K [0x0000000081c00000, 0x0000000087180000, 0x00000000d5f00000)
  object space 87552K, 2% used [0x0000000081c00000,0x0000000081e295e0,0x0000000087180000)
 Metaspace       used 12738K, capacity 13048K, committed 13184K, reserved 1060864K
  class space    used 1540K, capacity 1616K, committed 1664K, reserved 1048576K
Event: 1.411 GC heap after
Heap after GC invocations=3 (full 0):
 PSYoungGen      total 38400K, used 5088K [0x00000000d5f00000, 0x00000000daa00000, 0x0000000100000000)
  eden space 33280K, 0% used [0x00000000d5f00000,0x00000000d5f00000,0x00000000d7f80000)
  from space 5120K, 99% used [0x00000000d7f80000,0x00000000d8478020,0x00000000d8480000)
  to   space 5120K, 0% used [0x00000000da500000,0x00000000da500000,0x00000000daa00000)
 ParOldGen       total 87552K, used 3423K [0x0000000081c00000, 0x0000000087180000, 0x00000000d5f00000)
  object space 87552K, 3% used [0x0000000081c00000,0x0000000081f57e08,0x0000000087180000)
 Metaspace       used 12738K, capacity 13048K, committed 13184K, reserved 1060864K
  class space    used 1540K, capacity 1616K, committed 1664K, reserved 1048576K
}
Event: 1.668 GC heap before
{Heap before GC invocations=4 (full 0):
 PSYoungGen      total 38400K, used 38368K [0x00000000d5f00000, 0x00000000daa00000, 0x0000000100000000)
  eden space 33280K, 100% used [0x00000000d5f00000,0x00000000d7f80000,0x00000000d7f80000)
  from space 5120K, 99% used [0x00000000d7f80000,0x00000000d8478020,0x00000000d8480000)
  to   space 5120K, 0% used [0x00000000da500000,0x00000000da500000,0x00000000daa00000)
 ParOldGen       total 87552K, used 3423K [0x0000000081c00000, 0x0000000087180000, 0x00000000d5f00000)
  object space 87552K, 3% used [0x0000000081c00000,0x0000000081f57e08,0x0000000087180000)
 Metaspace       used 13003K, capacity 13310K, committed 13440K, reserved 1060864K
  class space    used 1544K, capacity 1617K, committed 1664K, reserved 1048576K
Event: 1.675 GC heap after
Heap after GC invocations=4 (full 0):
 PSYoungGen      total 71680K, used 5104K [0x00000000d5f00000, 0x00000000daa00000, 0x0000000100000000)
  eden space 66560K, 0% used [0x00000000d5f00000,0x00000000d5f00000,0x00000000da000000)
  from space 5120K, 99% used [0x00000000da500000,0x00000000da9fc050,0x00000000daa00000)
  to   space 5120K, 0% used [0x00000000da000000,0x00000000da000000,0x00000000da500000)
 ParOldGen       total 87552K, used 4839K [0x0000000081c00000, 0x0000000087180000, 0x00000000d5f00000)
  object space 87552K, 5% used [0x0000000081c00000,0x00000000820b9e08,0x0000000087180000)
 Metaspace       used 13003K, capacity 13310K, committed 13440K, reserved 1060864K
  class space    used 1544K, capacity 1617K, committed 1664K, reserved 1048576K
}
Event: 3.021 GC heap before
{Heap before GC invocations=5 (full 0):
 PSYoungGen      total 71680K, used 71664K [0x00000000d5f00000, 0x00000000daa00000, 0x0000000100000000)
  eden space 66560K, 100% used [0x00000000d5f00000,0x00000000da000000,0x00000000da000000)
  from space 5120K, 99% used [0x00000000da500000,0x00000000da9fc050,0x00000000daa00000)
  to   space 5120K, 0% used [0x00000000da000000,0x00000000da000000,0x00000000da500000)
 ParOldGen       total 87552K, used 4839K [0x0000000081c00000, 0x0000000087180000, 0x00000000d5f00000)
  object space 87552K, 5% used [0x0000000081c00000,0x00000000820b9e08,0x0000000087180000)
 Metaspace       used 14535K, capacity 14948K, committed 15232K, reserved 1062912K
  class space    used 1692K, capacity 1802K, committed 1920K, reserved 1048576K
Event: 3.031 GC heap after
Heap after GC invocations=5 (full 0):
 PSYoungGen      total 71680K, used 5088K [0x00000000d5f00000, 0x00000000df300000, 0x0000000100000000)
  eden space 66560K, 0% used [0x00000000d5f00000,0x00000000d5f00000,0x00000000da000000)
  from space 5120K, 99% used [0x00000000da000000,0x00000000da4f8020,0x00000000da500000)
  to   space 9216K, 0% used [0x00000000dea00000,0x00000000dea00000,0x00000000df300000)
 ParOldGen       total 87552K, used 8825K [0x0000000081c00000, 0x0000000087180000, 0x00000000d5f00000)
  object space 87552K, 10% used [0x0000000081c00000,0x000000008249e5c8,0x0000000087180000)
 Metaspace       used 14535K, capacity 14948K, committed 15232K, reserved 1062912K
  class space    used 1692K, capacity 1802K, committed 1920K, reserved 1048576K
}
Event: 4.212 GC heap before
{Heap before GC invocations=6 (full 0):
 PSYoungGen      total 71680K, used 52136K [0x00000000d5f00000, 0x00000000df300000, 0x0000000100000000)
  eden space 66560K, 70% used [0x00000000d5f00000,0x00000000d8cf2138,0x00000000da000000)
  from space 5120K, 99% used [0x00000000da000000,0x00000000da4f8020,0x00000000da500000)
  to   space 9216K, 0% used [0x00000000dea00000,0x00000000dea00000,0x00000000df300000)
 ParOldGen       total 87552K, used 8825K [0x0000000081c00000, 0x0000000087180000, 0x00000000d5f00000)
  object space 87552K, 10% used [0x0000000081c00000,0x000000008249e5c8,0x0000000087180000)
 Metaspace       used 18766K, capacity 19336K, committed 19584K, reserved 1067008K
  class space    used 2185K, capacity 2404K, committed 2432K, reserved 1048576K
Event: 4.247 GC heap after
Heap after GC invocations=6 (full 0):
 PSYoungGen      total 141312K, used 8735K [0x00000000d5f00000, 0x00000000df500000, 0x0000000100000000)
  eden space 132096K, 0% used [0x00000000d5f00000,0x00000000d5f00000,0x00000000de000000)
  from space 9216K, 94% used [0x00000000dea00000,0x00000000df287f40,0x00000000df300000)
  to   space 10240K, 0% used [0x00000000de000000,0x00000000de000000,0x00000000dea00000)
 ParOldGen       total 87552K, used 8833K [0x0000000081c00000, 0x0000000087180000, 0x00000000d5f00000)
  object space 87552K, 10% used [0x0000000081c00000,0x00000000824a05c8,0x0000000087180000)
 Metaspace       used 18766K, capacity 19336K, committed 19584K, reserved 1067008K
  class space    used 2185K, capacity 2404K, committed 2432K, reserved 1048576K
}
Event: 4.247 GC heap before
{Heap before GC invocations=7 (full 1):
 PSYoungGen      total 141312K, used 8735K [0x00000000d5f00000, 0x00000000df500000, 0x0000000100000000)
  eden space 132096K, 0% used [0x00000000d5f00000,0x00000000d5f00000,0x00000000de000000)
  from space 9216K, 94% used [0x00000000dea00000,0x00000000df287f40,0x00000000df300000)
  to   space 10240K, 0% used [0x00000000de000000,0x00000000de000000,0x00000000dea00000)
 ParOldGen       total 87552K, used 8833K [0x0000000081c00000, 0x0000000087180000, 0x00000000d5f00000)
  object space 87552K, 10% used [0x0000000081c00000,0x00000000824a05c8,0x0000000087180000)
 Metaspace       used 18766K, capacity 19336K, committed 19584K, reserved 1067008K
  class space    used 2185K, capacity 2404K, committed 2432K, reserved 1048576K

Deoptimization events (10 events):
Event: 3.630 Thread 0x00000000020f8000 Uncommon trap: reason=unstable_if action=reinterpret pc=0x00000000030e684c method=java.util.Properties$LineReader.readLine()I @ 246
Event: 3.967 Thread 0x00000000020f8000 Uncommon trap: reason=unstable_if action=reinterpret pc=0x0000000002b8c55c method=sun.nio.cs.StreamDecoder.read0()I @ 11
Event: 3.969 Thread 0x00000000020f8000 Uncommon trap: reason=bimorphic action=maybe_recompile pc=0x0000000003426840 method=java.util.Hashtable.put(Ljava/lang/Object;Ljava/lang/Object;)Ljava/lang/Object; @ 18
Event: 3.972 Thread 0x00000000020f8000 Uncommon trap: reason=bimorphic action=maybe_recompile pc=0x0000000003426840 method=java.util.Hashtable.put(Ljava/lang/Object;Ljava/lang/Object;)Ljava/lang/Object; @ 18
Event: 3.973 Thread 0x00000000020f8000 Uncommon trap: reason=bimorphic action=maybe_recompile pc=0x0000000003426840 method=java.util.Hashtable.put(Ljava/lang/Object;Ljava/lang/Object;)Ljava/lang/Object; @ 18
Event: 3.974 Thread 0x00000000020f8000 Uncommon trap: reason=bimorphic action=maybe_recompile pc=0x0000000003426840 method=java.util.Hashtable.put(Ljava/lang/Object;Ljava/lang/Object;)Ljava/lang/Object; @ 18
Event: 4.183 Thread 0x00000000020f8000 Uncommon trap: reason=class_check action=maybe_recompile pc=0x0000000002f0e23c method=java.util.Hashtable.get(Ljava/lang/Object;)Ljava/lang/Object; @ 6
Event: 4.183 Thread 0x00000000020f8000 Uncommon trap: reason=class_check action=maybe_recompile pc=0x0000000002f0e23c method=java.util.Hashtable.get(Ljava/lang/Object;)Ljava/lang/Object; @ 6
Event: 4.183 Thread 0x00000000020f8000 Uncommon trap: reason=class_check action=maybe_recompile pc=0x0000000002f0e23c method=java.util.Hashtable.get(Ljava/lang/Object;)Ljava/lang/Object; @ 6
Event: 4.184 Thread 0x00000000020f8000 Uncommon trap: reason=class_check action=maybe_recompile pc=0x0000000002f0e23c method=java.util.Hashtable.get(Ljava/lang/Object;)Ljava/lang/Object; @ 6

Internal exceptions (10 events):
Event: 1.084 Thread 0x00000000020f8000 Implicit null exception at 0x0000000002e1c55e to 0x0000000002e1d809
Event: 1.293 Thread 0x00000000020f8000 Implicit null exception at 0x0000000002c993bb to 0x0000000002c99acd
Event: 1.901 Thread 0x00000000020f8000 Exception <a 'java/lang/NoClassDefFoundError': org/slf4j/Logger> (0x00000000d7c33b88) thrown at [C:\re\workspace\8-2-build-windows-amd64-cygwin\jdk8u121\8372\hotspot\src\share\vm\oops\constantPool.cpp, line 235]
Event: 2.485 Thread 0x00000000020f8000 Exception <a 'java/lang/NoClassDefFoundError': org/slf4j/Logger> (0x00000000d866d370) thrown at [C:\re\workspace\8-2-build-windows-amd64-cygwin\jdk8u121\8372\hotspot\src\share\vm\oops\constantPool.cpp, line 235]
Event: 2.636 Thread 0x00000000020f8000 Exception <a 'java/lang/NoClassDefFoundError': org/slf4j/Logger> (0x00000000d9adf030) thrown at [C:\re\workspace\8-2-build-windows-amd64-cygwin\jdk8u121\8372\hotspot\src\share\vm\oops\constantPool.cpp, line 235]
Event: 3.064 Thread 0x00000000020f8000 Exception <a 'java/lang/NoClassDefFoundError': org/slf4j/Logger> (0x00000000d638db38) thrown at [C:\re\workspace\8-2-build-windows-amd64-cygwin\jdk8u121\8372\hotspot\src\share\vm\oops\constantPool.cpp, line 235]
Event: 3.595 Thread 0x00000000020f8000 Exception <a 'java/lang/NoClassDefFoundError': org/slf4j/Logger> (0x00000000d7c0ac60) thrown at [C:\re\workspace\8-2-build-windows-amd64-cygwin\jdk8u121\8372\hotspot\src\share\vm\oops\constantPool.cpp, line 235]
Event: 3.630 Thread 0x00000000020f8000 Exception <a 'java/io/FileNotFoundException'> (0x00000000d7eb6430) thrown at [C:\re\workspace\8-2-build-windows-amd64-cygwin\jdk8u121\8372\hotspot\src\share\vm\prims\jni.cpp, line 709]
Event: 3.653 Thread 0x00000000020f8000 Exception <a 'java/lang/NoSuchFieldError': method resolution failed> (0x00000000d7f82cc0) thrown at [C:\re\workspace\8-2-build-windows-amd64-cygwin\jdk8u121\8372\hotspot\src\share\vm\prims\methodHandles.cpp, line 1146]
Event: 3.655 Thread 0x00000000020f8000 Exception <a 'java/lang/NoSuchFieldError': method resolution failed> (0x00000000d7f90750) thrown at [C:\re\workspace\8-2-build-windows-amd64-cygwin\jdk8u121\8372\hotspot\src\share\vm\prims\methodHandles.cpp, line 1146]

Events (10 events):
Event: 4.183 Thread 0x00000000020f8000 DEOPT UNPACKING pc=0x000000000295582a sp=0x000000000263df18 mode 2
Event: 4.183 Thread 0x00000000020f8000 Uncommon trap: trap_request=0xffffffde fr.pc=0x0000000002f0e23c
Event: 4.183 Thread 0x00000000020f8000 DEOPT PACKING pc=0x0000000002f0e23c sp=0x000000000263df60
Event: 4.183 Thread 0x00000000020f8000 DEOPT UNPACKING pc=0x000000000295582a sp=0x000000000263df18 mode 2
Event: 4.184 Thread 0x00000000020f8000 Uncommon trap: trap_request=0xffffffde fr.pc=0x0000000002f0e23c
Event: 4.184 Thread 0x00000000020f8000 DEOPT PACKING pc=0x0000000002f0e23c sp=0x000000000263df60
Event: 4.184 Thread 0x00000000020f8000 DEOPT UNPACKING pc=0x000000000295582a sp=0x000000000263df18 mode 2
Event: 4.210 loading class java/io/RandomAccessFile$1
Event: 4.210 loading class java/io/RandomAccessFile$1 done
Event: 4.212 Executing VM operation: ParallelGCSystemGC


Dynamic libraries:
0x000000013f340000 - 0x000000013f377000 	C:\Program Files\Java\jdk1.8.0_121\bin\java.exe
0x0000000077840000 - 0x00000000779ea000 	C:\Windows\SYSTEM32\ntdll.dll
0x000007fefa980000 - 0x000007fefa9b4000 	C:\Program Files\AVAST Software\Avast\x64\aswhooka.dll
0x0000000077620000 - 0x000000007773f000 	C:\Windows\system32\kernel32.dll
0x000007fefd580000 - 0x000007fefd5ea000 	C:\Windows\system32\KERNELBASE.dll
0x000007fefe7f0000 - 0x000007fefe8cb000 	C:\Windows\system32\ADVAPI32.dll
0x000007fefdc20000 - 0x000007fefdcbf000 	C:\Windows\system32\msvcrt.dll
0x000007fefead0000 - 0x000007fefeaef000 	C:\Windows\SYSTEM32\sechost.dll
0x000007fefe310000 - 0x000007fefe43d000 	C:\Windows\system32\RPCRT4.dll
0x0000000077740000 - 0x000000007783a000 	C:\Windows\system32\USER32.dll
0x000007fefe650000 - 0x000007fefe6b7000 	C:\Windows\system32\GDI32.dll
0x000007feffa80000 - 0x000007feffa8e000 	C:\Windows\system32\LPK.dll
0x000007fefe6c0000 - 0x000007fefe78a000 	C:\Windows\system32\USP10.dll
0x000007fefc090000 - 0x000007fefc284000 	C:\Windows\WinSxS\amd64_microsoft.windows.common-controls_6595b64144ccf1df_6.0.7601.18837_none_fa3b1e3d17594757\COMCTL32.dll
0x000007fefda10000 - 0x000007fefda81000 	C:\Windows\system32\SHLWAPI.dll
0x000007fefe440000 - 0x000007fefe46e000 	C:\Windows\system32\IMM32.DLL
0x000007fefebe0000 - 0x000007fefece9000 	C:\Windows\system32\MSCTF.dll
0x00000000726e0000 - 0x00000000727b2000 	C:\Program Files\Java\jdk1.8.0_121\jre\bin\msvcr100.dll
0x0000000050980000 - 0x000000005121b000 	C:\Program Files\Java\jdk1.8.0_121\jre\bin\server\jvm.dll
0x000007feefa20000 - 0x000007feefa29000 	C:\Windows\system32\WSOCK32.dll
0x000007fefdff0000 - 0x000007fefe03d000 	C:\Windows\system32\WS2_32.dll
0x000007fefeaf0000 - 0x000007fefeaf8000 	C:\Windows\system32\NSI.dll
0x000007fefa5b0000 - 0x000007fefa5eb000 	C:\Windows\system32\WINMM.dll
0x000007fefc5b0000 - 0x000007fefc5bc000 	C:\Windows\system32\VERSION.dll
0x0000000077a00000 - 0x0000000077a07000 	C:\Windows\system32\PSAPI.DLL
0x0000000072a40000 - 0x0000000072a4f000 	C:\Program Files\Java\jdk1.8.0_121\jre\bin\verify.dll
0x0000000072a10000 - 0x0000000072a39000 	C:\Program Files\Java\jdk1.8.0_121\jre\bin\java.dll
0x00000000729f0000 - 0x0000000072a06000 	C:\Program Files\Java\jdk1.8.0_121\jre\bin\zip.dll
0x000007fefecf0000 - 0x000007feffa7a000 	C:\Windows\system32\SHELL32.dll
0x000007fefe8d0000 - 0x000007fefeacc000 	C:\Windows\system32\ole32.dll
0x000007fefd540000 - 0x000007fefd54f000 	C:\Windows\system32\profapi.dll
0x000007fefd370000 - 0x000007fefd3c7000 	C:\Windows\system32\apphelp.dll
0x00000000729d0000 - 0x00000000729ea000 	C:\Program Files\Java\jdk1.8.0_121\jre\bin\net.dll
0x000007fefccc0000 - 0x000007fefcd15000 	C:\Windows\system32\mswsock.dll
0x000007fefccb0000 - 0x000007fefccb7000 	C:\Windows\System32\wship6.dll
0x00000000729b0000 - 0x00000000729c1000 	C:\Program Files\Java\jdk1.8.0_121\jre\bin\nio.dll
0x000007fefcd20000 - 0x000007fefcd38000 	C:\Windows\system32\CRYPTSP.dll
0x000007fefca20000 - 0x000007fefca67000 	C:\Windows\system32\rsaenh.dll
0x000007fefd560000 - 0x000007fefd57e000 	C:\Windows\system32\USERENV.dll
0x000007fefd3d0000 - 0x000007fefd3df000 	C:\Windows\system32\CRYPTBASE.dll
0x000007fefb230000 - 0x000007fefb257000 	C:\Windows\system32\IPHLPAPI.DLL
0x000007fefb210000 - 0x000007fefb21b000 	C:\Windows\system32\WINNSI.DLL
0x000007fefb020000 - 0x000007fefb031000 	C:\Windows\system32\dhcpcsvc6.DLL
0x000007fefb000000 - 0x000007fefb018000 	C:\Windows\system32\dhcpcsvc.DLL
0x0000000072540000 - 0x00000000726d8000 	C:\Program Files\Java\jdk1.8.0_121\jre\bin\awt.dll
0x000007fefeb00000 - 0x000007fefebda000 	C:\Windows\system32\OLEAUT32.dll
0x000007fef5010000 - 0x000007fef5135000 	C:\Windows\system32\dbghelp.dll

VM Arguments:
jvm_args: -Dclassworlds.conf=C:\Program Files\NetBeans 8.2\java\maven\bin\m2.conf -Dmaven.home=C:\Program Files\NetBeans 8.2\java\maven 
java_command: org.codehaus.plexus.classworlds.launcher.Launcher -Dnetbeans.deploy=true -Dnetbeans.deploy.clientUrlPart=/faces/Telas/adicionarUsuarioGUI.xhtml -Dmaven.ext.class.path=C:\Program Files\NetBeans 8.2\java\maven-nblib\netbeans-eventspy.jar -Dfile.encoding=UTF-8 package
java_class_path (initial): C:\Program Files\NetBeans 8.2\java\maven\boot\plexus-classworlds-2.4.jar
Launcher Type: SUN_STANDARD

Environment Variables:
JAVA_HOME=C:\Program Files\Java\jdk1.8.0_121
JRE_HOME=C:\Program Files\Java\jdk1.8.0_121\jre
CLASSPATH=.;C:\Program Files\Java\jdk1.8.0_121\lib;
PATH=C:\Program Files (x86)\Common Files\Oracle\Java\javapath;C:\Program Files\Common Files\Microsoft Shared\Windows Live;C:\Program Files (x86)\Common Files\Microsoft Shared\Windows Live;C:\ProgramData\Oracle\Java\javapath;C:\Program Files (x86)\Common Files\Intel\Shared Files\cpp\bin\Intel64;C:\Program Files (x86)\Intel\iCLS Client\;C:\Program Files\Intel\iCLS Client\;C:\Windows\system32;C:\Windows;C:\Windows\System32\Wbem;C:\Windows\System32\WindowsPowerShell\v1.0\;C:\Program Files\Intel\Intel(R) Management Engine Components\DAL;C:\Program Files\Intel\Intel(R) Management Engine Components\IPT;C:\Program Files (x86)\Intel\Intel(R) Management Engine Components\DAL;C:\Program Files (x86)\Intel\Intel(R) Management Engine Components\IPT;C:\Program Files (x86)\Intel\OpenCL SDK\2.0\bin\x86;C:\Program Files (x86)\Intel\OpenCL SDK\2.0\bin\x64;C:\Program Files (x86)\Windows Live\Shared;C:\Program Files\PuTTY\;C:\wamp64\bin\php\php5.6.25;C:\ProgramData\ComposerSetup\bin;C:\wamp64\bin\php\php5.6.25;C:\Program Files\Java\jdk1.8.0_121\bin;C:\Users\rubem\AppData\Roaming\Composer\vendor\bin;C:\Program Files (x86)\Nmap;C:\Users\rubem\AppData\Local\Programs\Microsoft VS Code\bin
USERNAME=rubem
OS=Windows_NT
PROCESSOR_IDENTIFIER=Intel64 Family 6 Model 42 Stepping 7, GenuineIntel



---------------  S Y S T E M  ---------------

OS: Windows 7 , 64 bit Build 7601 (6.1.7601.23714)

CPU:total 8 (4 cores per cpu, 2 threads per core) family 6 model 42 stepping 7, cmov, cx8, fxsr, mmx, sse, sse2, sse3, ssse3, sse4.1, sse4.2, popcnt, avx, aes, clmul, ht, tsc, tscinvbit

Memory: 4k page, physical 8270920k(769916k free), swap 16539980k(7769992k free)

vm_info: Java HotSpot(TM) 64-Bit Server VM (25.121-b13) for windows-amd64 JRE (1.8.0_121-b13), built on Dec 12 2016 18:21:36 by "java_re" with MS VC++ 10.0 (VS2010)

time: Thu Sep 27 14:48:15 2018
elapsed time: 4 seconds (0d 0h 0m 4s)

